0 info it worked if it ends with ok
1 verbose cli [ 'D:\\Softs\\Node\\node.exe',
1 verbose cli   'D:\\Softs\\Node\\node_modules\\npm\\bin\\npm-cli.js',
1 verbose cli   'start' ]
2 info using npm@3.10.10
3 info using node@v6.11.5
4 verbose run-script [ 'prestart', 'start', 'poststart' ]
5 info lifecycle service@0.0.0~prestart: service@0.0.0
6 silly lifecycle service@0.0.0~prestart: no script for prestart, continuing
7 info lifecycle service@0.0.0~start: service@0.0.0
8 verbose lifecycle service@0.0.0~start: unsafe-perm in lifecycle true
9 verbose lifecycle service@0.0.0~start: PATH: D:\Softs\Node\node_modules\npm\bin\node-gyp-bin;F:\Test-worlk\React\toilet\service\node_modules\.bin;D:\Softs\python\;D:\Softs\python\Scripts;C:\ProgramData\Oracle\Java\javapath;C:\WINDOWS\system32;C:\WINDOWS;C:\WINDOWS\System32\Wbem;C:\WINDOWS\System32\WindowsPowerShell\v1.0\;D:\Softs\Node\;D:\Softs\MongDB\bin;"D:\Softs\JDK\1.8\bin;D:\Softs\JDK\1.8\jre\bin";"D:\Softs\JAVA\tomcat\lib;D:\Softs\JAVA\tomcat\bin";D:\Softs\git\Git\cmd;C:\ProgramData\chocolatey\bin;D:\Softs\SDK\platform-tools;D:\Softs\SDK;D:\Softs\SDK\tools;C:\Users\codercao\AppData\Local\Microsoft\WindowsApps;C:\Users\codercao\AppData\Roaming\npm;
10 verbose lifecycle service@0.0.0~start: CWD: F:\Test-worlk\React\toilet\service
11 silly lifecycle service@0.0.0~start: Args: [ '/d /s /c', 'node ./bin/www' ]
12 silly lifecycle service@0.0.0~start: Returned: code: 3221225786  signal: null
13 info lifecycle service@0.0.0~start: Failed to exec start script
14 verbose stack Error: service@0.0.0 start: `node ./bin/www`
14 verbose stack Exit status 3221225786
14 verbose stack     at EventEmitter.<anonymous> (D:\Softs\Node\node_modules\npm\lib\utils\lifecycle.js:255:16)
14 verbose stack     at emitTwo (events.js:106:13)
14 verbose stack     at EventEmitter.emit (events.js:191:7)
14 verbose stack     at ChildProcess.<anonymous> (D:\Softs\Node\node_modules\npm\lib\utils\spawn.js:40:14)
14 verbose stack     at emitTwo (events.js:106:13)
14 verbose stack     at ChildProcess.emit (events.js:191:7)
14 verbose stack     at maybeClose (internal/child_process.js:920:16)
14 verbose stack     at Process.ChildProcess._handle.onexit (internal/child_process.js:230:5)
15 verbose pkgid service@0.0.0
16 verbose cwd F:\Test-worlk\React\toilet\service
17 error Windows_NT 10.0.16299
18 error argv "D:\\Softs\\Node\\node.exe" "D:\\Softs\\Node\\node_modules\\npm\\bin\\npm-cli.js" "start"
19 error node v6.11.5
20 error npm  v3.10.10
21 error code ELIFECYCLE
22 error service@0.0.0 start: `node ./bin/www`
22 error Exit status 3221225786
23 error Failed at the service@0.0.0 start script 'node ./bin/www'.
23 error Make sure you have the latest version of node.js and npm installed.
23 error If you do, this is most likely a problem with the service package,
23 error not with npm itself.
23 error Tell the author that this fails on your system:
23 error     node ./bin/www
23 error You can get information on how to open an issue for this project with:
23 error     npm bugs service
23 error Or if that isn't available, you can get their info via:
23 error     npm owner ls service
23 error There is likely additional logging output above.
24 verbose exit [ 1, true ]
